2026-02-10 14:50:52,164 - YetiAir API.56e3c66d-3c78-4706-a6b1-26c3db8d3a30 - INFO - Received ServiceInitialize request
2026-02-10 14:50:52,171 - YetiAir API.56e3c66d-3c78-4706-a6b1-26c3db8d3a30 - INFO - Sending ServiceInitialize request to http://restest.yetiairlines.com/tikAeroWebAPI/BookingService.asmx?wsdl
2026-02-10 14:50:52,240 - YetiAir API.56e3c66d-3c78-4706-a6b1-26c3db8d3a30 - INFO - Session cookies saved for search_id=56e3c66d-3c78-4706-a6b1-26c3db8d3a30
2026-02-10 14:50:52,240 - YetiAir API.56e3c66d-3c78-4706-a6b1-26c3db8d3a30 - INFO - Received response from Yeti API ServiceInitialize: status=200
2026-02-10 14:50:52,241 - YetiAir API.56e3c66d-3c78-4706-a6b1-26c3db8d3a30 - INFO - Successfully processed ServiceInitialize request
2026-02-10 14:50:52,242 - YetiAir API.56e3c66d-3c78-4706-a6b1-26c3db8d3a30 - INFO - Received FlightAdd request: search_id='56e3c66d-3c78-4706-a6b1-26c3db8d3a30' flight_id='{D9B4B83A-E4A9-4EA6-8038-3BFB38044B5F}' fare_id='' origin='KTM' destination='PKR' adults=1 children=0 infants=0
2026-02-10 14:50:52,249 - YetiAir API.56e3c66d-3c78-4706-a6b1-26c3db8d3a30 - INFO - Sending FlightAdd request to http://restest.yetiairlines.com/tikAeroWebAPI/BookingService.asmx?wsdl for search_id=56e3c66d-3c78-4706-a6b1-26c3db8d3a30 flight_id={D9B4B83A-E4A9-4EA6-8038-3BFB38044B5F}
2026-02-10 14:50:52,791 - YetiAir API.56e3c66d-3c78-4706-a6b1-26c3db8d3a30 - INFO - Received response from Yeti API FlightAdd: status=200
2026-02-10 14:50:52,793 - YetiAir API.56e3c66d-3c78-4706-a6b1-26c3db8d3a30 - INFO - Successfully processed FlightAdd request
2026-02-10 14:50:52,796 - YetiAir API.56e3c66d-3c78-4706-a6b1-26c3db8d3a30 - INFO - Received BookingGetSession request: search_id='56e3c66d-3c78-4706-a6b1-26c3db8d3a30'
2026-02-10 14:50:52,804 - YetiAir API.56e3c66d-3c78-4706-a6b1-26c3db8d3a30 - INFO - Sending BookingGetSession request to http://restest.yetiairlines.com/tikAeroWebAPI/BookingService.asmx?wsdl for search_id=56e3c66d-3c78-4706-a6b1-26c3db8d3a30
2026-02-10 14:50:52,849 - YetiAir API.56e3c66d-3c78-4706-a6b1-26c3db8d3a30 - INFO - Received response from Yeti API BookingGetSession: status=200
2026-02-10 14:50:52,851 - YetiAir API.56e3c66d-3c78-4706-a6b1-26c3db8d3a30 - INFO - Successfully processed BookingGetSession request
2026-02-10 14:50:52,853 - YetiAir API.56e3c66d-3c78-4706-a6b1-26c3db8d3a30 - INFO - Received BookingSave request: search_id='56e3c66d-3c78-4706-a6b1-26c3db8d3a30' booking_header=BookingHeader(contact_name='Madan Dhungana', contact_email='madandhungana@gmail.com', phone_mobile='9849665664', phone_home='', phone_business='') passengers=[Passenger(passenger_id='0265c492-7fdb-4721-bd56-43ffabc763c7', passenger_type_rcd='ADULT', lastname='test', firstname='test', gender_type_rcd='M', nationality_rcd='NP', date_of_birth='19950101')] payment=Payment(form_of_payment_rcd='CRAGT', currency_rcd='NPR', payment_amount=5050.0)
2026-02-10 14:50:52,860 - YetiAir API.56e3c66d-3c78-4706-a6b1-26c3db8d3a30 - INFO - Sending BookingSave request to http://restest.yetiairlines.com/tikAeroWebAPI/BookingService.asmx?wsdl for search_id=56e3c66d-3c78-4706-a6b1-26c3db8d3a30
2026-02-10 14:50:52,903 - YetiAir API.56e3c66d-3c78-4706-a6b1-26c3db8d3a30 - INFO - Received response from Yeti API BookingSave: status=200
2026-02-10 14:50:52,904 - YetiAir API.56e3c66d-3c78-4706-a6b1-26c3db8d3a30 - INFO - Successfully processed BookingSave request
2026-02-10 14:50:52,906 - YetiAir API.56e3c66d-3c78-4706-a6b1-26c3db8d3a30 - INFO - Received BookingGetSession request: search_id='56e3c66d-3c78-4706-a6b1-26c3db8d3a30'
2026-02-10 14:50:52,912 - YetiAir API.56e3c66d-3c78-4706-a6b1-26c3db8d3a30 - INFO - Sending BookingGetSession request to http://restest.yetiairlines.com/tikAeroWebAPI/BookingService.asmx?wsdl for search_id=56e3c66d-3c78-4706-a6b1-26c3db8d3a30
2026-02-10 14:50:52,958 - YetiAir API.56e3c66d-3c78-4706-a6b1-26c3db8d3a30 - INFO - Received response from Yeti API BookingGetSession: status=200
2026-02-10 14:50:52,959 - YetiAir API.56e3c66d-3c78-4706-a6b1-26c3db8d3a30 - INFO - Successfully processed BookingGetSession request
2026-02-10 14:50:52,961 - YetiAir API.56e3c66d-3c78-4706-a6b1-26c3db8d3a30 - INFO - Received BookingGetItinerary request: search_id='56e3c66d-3c78-4706-a6b1-26c3db8d3a30' pnr='A2GIX4'
2026-02-10 14:50:52,967 - YetiAir API.56e3c66d-3c78-4706-a6b1-26c3db8d3a30 - INFO - Sending BookingGetItinerary request to http://restest.yetiairlines.com/tikAeroWebAPI/BookingService.asmx?wsdl for search_id=56e3c66d-3c78-4706-a6b1-26c3db8d3a30 pnr=A2GIX4
2026-02-10 14:50:53,098 - YetiAir API.56e3c66d-3c78-4706-a6b1-26c3db8d3a30 - INFO - Received response from Yeti API BookingGetItinerary: status=200
2026-02-10 14:50:53,101 - YetiAir API.56e3c66d-3c78-4706-a6b1-26c3db8d3a30 - INFO - Successfully processed BookingGetItinerary request
